<?xml version="1.0" encoding="UTF-8"?>
<!-- Generated by org.testng.reporters.JUnitReportReporter -->
<testsuite skipped="0" hostname="LAPTOP-59HPR4II" name="com.qa.testsuites.automationexercises.PDFReader" tests="1" failures="0" timestamp="2022-02-16T10:55:45 IST" time="2.314" errors="0">
  <testcase name="readPDFTest" time="2.314" classname="com.qa.testsuites.automationexercises.PDFReader"/>
  <system-out/>
</testsuite> <!-- com.qa.testsuites.automationexercises.PDFReader -->
