<?xml version="1.0" encoding="UTF-8"?>
<!-- Generated by org.testng.reporters.JUnitReportReporter -->
<testsuite skipped="0" hostname="LAPTOP-59HPR4II" name="AutomationExcercise.ValidateTitle" tests="1" failures="0" timestamp="2022-02-13T17:25:13 IST" time="4.201" errors="0">
  <testcase name="basepageNavigation" time="4.201" classname="AutomationExcercise.ValidateTitle"/>
  <system-out/>
</testsuite> <!-- AutomationExcercise.ValidateTitle -->
