<?xml version="1.0" encoding="UTF-8"?>
<!-- Generated by org.testng.reporters.JUnitReportReporter -->
<testsuite skipped="0" hostname="LAPTOP-59HPR4II" name="AutomationExcercise.HomePage" tests="2" failures="0" timestamp="2022-02-13T15:17:26 IST" time="8.919" errors="0">
  <testcase name="basepageNavigation" time="3.487" classname="AutomationExcercise.HomePage"/>
  <system-out/>
  <testcase name="basepageNavigation" time="5.432" classname="AutomationExcercise.HomePage"/>
  <system-out/>
</testsuite> <!-- AutomationExcercise.HomePage -->
